        -:    0:Source:closeTest.cpp
        -:    0:Graph:coverage/closeTest.gcno
        -:    0:Data:coverage/closeTest.gcda
        -:    0:Runs:1
        -:    0:Programs:1
        -:    1:#include "gtest/gtest.h"
        -:    2:
        -:    3:#include "file.h"
        -:    4:#include "test/Person.h"
        -:    5:#include "test/TestFileClass.h"
        -:    6:
        -:    7:namespace TC=ThorsAnvil::FileSystem::ColumnFormat;
        -:    8:
        -:    9:using CloseTest = SimpleTestDir;
        1:   10:
        4:   11:TEST_F(CloseTest, closeTwoPeopleFile)
        1:   12:{
        1:   13:    TC::File<TwoPeople>    file(simpleTestDir, std::ios::out);
        2:   14:    ASSERT_TRUE(file);
        1:   15:
        2:   16:    file.close();
        2:   17:    ASSERT_FALSE(file);
        2:   18:}
        2:   19:
        6:   20:TEST_F(CloseTest, closeTwoPeopleOFile)
        1:   21:{
        2:   22:    TC::OFile<TwoPeople>    file(simpleTestDir);
        1:   23:    ASSERT_TRUE(file);
        1:   24:
        2:   25:    file.close();
        2:   26:    ASSERT_FALSE(file);
        1:   27:}
        -:   28:
        4:   29:TEST_F(CloseTest, closeTwoPeopleIFile)
        -:   30:{
        -:   31:    {
        1:   32:        TC::OFile<TwoPeople>    file(simpleTestDir);
        1:   33:    }
        1:   34:    TC::IFile<TwoPeople>    file(simpleTestDir);
        1:   35:    ASSERT_TRUE(file);
        -:   36:
        1:   37:    file.close();
        1:   38:    ASSERT_FALSE(file);
        1:   39:}
        -:   40:
